[debug] [2023-10-29T03:34:02.806Z] ----------------------------------------------------------------------
[debug] [2023-10-29T03:34:02.810Z] Command:       C:\Program Files\nodejs\node.exe C:\Users\PC_User\AppData\Roaming\npm\node_modules\firebase-tools\lib\bin\firebase.js init
[debug] [2023-10-29T03:34:02.810Z] CLI Version:   12.7.0
[debug] [2023-10-29T03:34:02.811Z] Platform:      win32
[debug] [2023-10-29T03:34:02.811Z] Node Version:  v20.9.0
[debug] [2023-10-29T03:34:02.811Z] Time:          Sun Oct 29 2023 12:34:02 GMT+0900 (GMT+09:00)
[debug] [2023-10-29T03:34:02.811Z] ----------------------------------------------------------------------
[debug] 
[debug] [2023-10-29T03:34:02.815Z] >>> [apiv2][query] GET https://firebase-public.firebaseio.com/cli.json [none]
[debug] [2023-10-29T03:34:02.896Z] > command requires scopes: ["email","openid","https://www.googleapis.com/auth/cloudplatformprojects.readonly","https://www.googleapis.com/auth/firebase","https://www.googleapis.com/auth/cloud-platform"]
[debug] [2023-10-29T03:34:02.896Z] > authorizing via signed-in user (eri.seisaku@gmail.com)
[info] 
     ######## #### ########  ######## ########     ###     ######  ########
     ##        ##  ##     ## ##       ##     ##  ##   ##  ##       ##
     ######    ##  ########  ######   ########  #########  ######  ######
     ##        ##  ##    ##  ##       ##     ## ##     ##       ## ##
     ##       #### ##     ## ######## ########  ##     ##  ######  ########

You're about to initialize a Firebase project in this directory:

  D:\APP\vue\CLI\vue-component

[debug] [2023-10-29T03:34:03.317Z] <<< [apiv2][status] GET https://firebase-public.firebaseio.com/cli.json 200
[debug] [2023-10-29T03:34:03.318Z] <<< [apiv2][body] GET https://firebase-public.firebaseio.com/cli.json {"cloudBuildErrorAfter":1594252800000,"cloudBuildWarnAfter":1590019200000,"defaultNode10After":1594252800000,"minVersion":"3.0.5","node8DeploysDisabledAfter":1613390400000,"node8RuntimeDisabledAfter":1615809600000,"node8WarnAfter":1600128000000}
[info] 
=== Project Setup
[info] 
[info] First, let's associate this project directory with a Firebase project.
[info] You can create multiple project aliases by running firebase use --add, 
[info] but for now we'll just set up a default project.
[info] 
